_行号：2       _输出所在行：   int main error
_行号：6       _输出所在行：   this is  error, 
_行号：12      _输出所在行：   error
_行号：19      _输出所在行：   error
_行号：23      _输出所在行：[error]串在原日志中出现次数：4
_行号：29      _输出所在行：[error]串在原日志中出现次数：5
_行号：35      _输出所在行：[error]串在原日志中出现次数：6
_行号：41      _输出所在行：[error]串在原日志中出现次数：7
_行号：47      _输出所在行：_[error]串在原日志中出现次数：8
_行号：53      _输出所在行：_[error]串在原日志中出现次数：9
_时间：Mon Jan 14 18:29:34 2019
_日志名：./File/o.txt
_[error]串在原日志中出现次数：10
*****************************************************

_行号：21      _输出所在行：error
_行号：25      _输出所在行：[error]串在原日志中出现次数：1
_行号：31      _输出所在行：[error]串在原日志中出现次数：2
_行号：37      _输出所在行：[error]串在原日志中出现次数：3
_行号：43      _输出所在行：[error]串在原日志中出现次数：4
_行号：49      _输出所在行：_[error]串在原日志中出现次数：5
_行号：55      _输出所在行：_[error]串在原日志中出现次数：6
_时间：Mon Jan 14 18:29:34 2019
_日志名：./File/l.txt
_[error]串在原日志中出现次数：7
*****************************************************

_行号：9       _输出所在行：r/././error
_行号：10      _输出所在行：error
_行号：14      _输出所在行：[error]串在原日志中出现次数：2
_行号：20      _输出所在行：[error]串在原日志中出现次数：3
_行号：26      _输出所在行：[error]串在原日志中出现次数：4
_行号：32      _输出所在行：[error]串在原日志中出现次数：5
_行号：38      _输出所在行：_[error]串在原日志中出现次数：6
_行号：44      _输出所在行：_[error]串在原日志中出现次数：7
_时间：Mon Jan 14 18:29:34 2019
_日志名：./File/c.txt
_[error]串在原日志中出现次数：8
*****************************************************

_行号：7       _输出所在行：error
_行号：86      _输出所在行：error
_行号：91      _输出所在行：errorcore
_行号：96      _输出所在行：error
_行号：175     _输出所在行：error
_行号：180     _输出所在行：errorcore
_行号：185     _输出所在行：error
_行号：264     _输出所在行：error
_行号：269     _输出所在行：errorcore
_行号：274     _输出所在行：error
_行号：353     _输出所在行：error
_行号：358     _输出所在行：errorcore
_行号：363     _输出所在行：error
_行号：442     _输出所在行：error
_行号：447     _输出所在行：errorcore
_行号：452     _输出所在行：error
_行号：531     _输出所在行：error
_行号：536     _输出所在行：errorcore
_行号：541     _输出所在行：error
_行号：620     _输出所在行：error
_行号：625     _输出所在行：error时间：Mon Jan 14 11:06:44 2019
_行号：628     _输出所在行：[error]串在原日志中出现次数：21
_行号：634     _输出所在行：[error]串在原日志中出现次数：22
_行号：640     _输出所在行：[error]串在原日志中出现次数：23
_行号：646     _输出所在行：[error]串在原日志中出现次数：24
_行号：652     _输出所在行：_[error]串在原日志中出现次数：25
_行号：658     _输出所在行：_[error]串在原日志中出现次数：26
_时间：Mon Jan 14 18:29:34 2019
_日志名：./File/ddd.log
_[error]串在原日志中出现次数：27
*****************************************************

_行号：7       _输出所在行：error
_行号：86      _输出所在行：error
_行号：91      _输出所在行：error时间：Mon Jan 14 11:06:44 2019
_行号：94      _输出所在行：[error]串在原日志中出现次数：3
_行号：100     _输出所在行：[error]串在原日志中出现次数：4
_行号：106     _输出所在行：[error]串在原日志中出现次数：5
_行号：112     _输出所在行：[error]串在原日志中出现次数：6
_行号：118     _输出所在行：_[error]串在原日志中出现次数：7
_行号：124     _输出所在行：_[error]串在原日志中出现次数：8
_时间：Mon Jan 14 18:29:34 2019
_日志名：./File/ccccccc.txt
_[error]串在原日志中出现次数：9
*****************************************************

_行号：2       _输出所在行：error              error
_行号：4       _输出所在行：eoor eoororororororoerror /.//././printf("计算器")
_行号：8       _输出所在行：[error]串在原日志中出现次数：3
_行号：14      _输出所在行：[error]串在原日志中出现次数：4
_行号：20      _输出所在行：[error]串在原日志中出现次数：5
_行号：26      _输出所在行：[error]串在原日志中出现次数：6
_行号：32      _输出所在行：_[error]串在原日志中出现次数：7
_行号：38      _输出所在行：_[error]串在原日志中出现次数：8
_时间：Mon Jan 14 18:29:34 2019
_日志名：./File/j.txt
_[error]串在原日志中出现次数：9
*****************************************************

_行号：2       _输出所在行：error
_行号：6       _输出所在行：[error]串在原日志中出现次数：1
_行号：12      _输出所在行：[error]串在原日志中出现次数：2
_行号：18      _输出所在行：[error]串在原日志中出现次数：3
_行号：24      _输出所在行：[error]串在原日志中出现次数：4
_行号：30      _输出所在行：_[error]串在原日志中出现次数：5
_行号：36      _输出所在行：_[error]串在原日志中出现次数：6
_时间：Mon Jan 14 18:29:34 2019
_日志名：./File/a.txt
_[error]串在原日志中出现次数：7
*****************************************************

